<?xml version="1.0" encoding="UTF-8"?>
<!-- Generated by org.testng.reporters.JUnitReportReporter -->
<testsuite hostname="DESKTOP-QHDN499" failures="0" tests="1" name="com.comcast.crm.orgtest.CreateOrganizationTest" time="442.495" errors="0" timestamp="2024-10-04T13:36:38 IST" skipped="0">
  <testcase classname="com.comcast.crm.orgtest.CreateOrganizationTest" name="createOrganizationWithMandatoryTest" time="442.495"/>
  <system-out/>
</testsuite> <!-- com.comcast.crm.orgtest.CreateOrganizationTest -->
